[debug] [2018-06-25T20:53:03.827Z] ----------------------------------------------------------------------
[debug] [2018-06-25T20:53:03.831Z] Command:       E:\nodejs\node.exe C:\Users\Lenovo\AppData\Roaming\npm\node_modules\firebase-tools\bin\firebase serve
[debug] [2018-06-25T20:53:03.831Z] CLI Version:   3.19.0
[debug] [2018-06-25T20:53:03.831Z] Platform:      win32
[debug] [2018-06-25T20:53:03.831Z] Node Version:  v8.11.3
[debug] [2018-06-25T20:53:03.832Z] Time:          Tue Jun 26 2018 01:53:03 GMT+0500 (Pakistan Standard Time)
[debug] [2018-06-25T20:53:03.832Z] ----------------------------------------------------------------------
[debug] 
[debug] [2018-06-25T20:53:04.038Z] > command requires scopes: ["email","openid","https://www.googleapis.com/auth/cloudplatformprojects.readonly","https://www.googleapis.com/auth/firebase","https://www.googleapis.com/auth/cloud-platform"]
[debug] [2018-06-25T20:53:04.039Z] > authorizing via signed-in user
[debug] [2018-06-25T20:53:04.042Z] > refreshing access token with scopes: ["email","https://www.googleapis.com/auth/cloud-platform","https://www.googleapis.com/auth/cloudplatformprojects.readonly","https://www.googleapis.com/auth/firebase","openid"]
[debug] [2018-06-25T20:53:04.052Z] >>> HTTP REQUEST POST https://www.googleapis.com/oauth2/v3/token  
 { refresh_token: '1/MHhVc3s13skhH1Gq_2nHkCcTaiaO5gDhStED6e753cg',
  client_id: '563584335869-fgrhgmd47bqnekij5i8b5pr03ho849e6.apps.googleusercontent.com',
  client_secret: 'j9iVZfS8kkCEFUPaAeJV0sAi',
  grant_type: 'refresh_token',
  scope: 'email https://www.googleapis.com/auth/cloud-platform https://www.googleapis.com/auth/cloudplatformprojects.readonly https://www.googleapis.com/auth/firebase openid' } 
 Tue Jun 26 2018 01:53:04 GMT+0500 (Pakistan Standard Time)
[debug] [2018-06-25T20:53:05.125Z] <<< HTTP RESPONSE 200
[debug] [2018-06-25T20:53:05.168Z] >>> HTTP REQUEST GET https://admin.firebase.com/v1/projects/assignment-tts  
  
 Tue Jun 26 2018 01:53:05 GMT+0500 (Pakistan Standard Time)
[debug] [2018-06-25T20:53:06.645Z] <<< HTTP RESPONSE 200
[debug] [2018-06-25T20:53:06.647Z] >>> HTTP REQUEST GET https://admin.firebase.com/v1/database/assignment-tts/tokens  
  
 Tue Jun 26 2018 01:53:06 GMT+0500 (Pakistan Standard Time)
[debug] [2018-06-25T20:53:07.915Z] <<< HTTP RESPONSE 200
[debug] [2018-06-25T20:53:07.917Z] >>> HTTP REQUEST GET https://cloudresourcemanager.googleapis.com/v1/projects/assignment-tts  
  
 Tue Jun 26 2018 01:53:07 GMT+0500 (Pakistan Standard Time)
[debug] [2018-06-25T20:53:09.657Z] <<< HTTP RESPONSE 200
[info] 
[info] === Serving from 'C:\Users\Lenovo\Documents\swAssignments\assignment'...
[info] 
[debug] [2018-06-25T20:53:09.661Z] >>> HTTP REQUEST GET https://mobilesdk-pa.googleapis.com/v1/projects/773787629334/clients/_:getWebAppConfig  
  
 Tue Jun 26 2018 01:53:09 GMT+0500 (Pakistan Standard Time)
[debug] [2018-06-25T20:53:11.066Z] <<< HTTP RESPONSE 200
[info] i  hosting: Serving hosting files from: /
[info] +  hosting: Local server: http://localhost:5000

